{
  "RSpec": {
    "coverage": {
      "/Users/BrianHayes/4mod/projects/take_home_challenge/config/environment.rb": {
        "lines": [
          null,
          1,
          null,
          null,
          1
        ]
      },
      "/Users/BrianHayes/4mod/projects/take_home_challenge/config/application.rb": {
        "lines": [
          1,
          null,
          1,
          null,
          1,
          1,
          1,
          1,
          1,
          1,
          1,
          1,
          null,
          null,
          null,
          null,
          null,
          1,
          null,
          1,
          1,
          null,
          1,
          null,
          null,
          null,
          null,
          null,
          null,
          null,
          null,
          null,
          1,
          null,
          null
        ]
      },
      "/Users/BrianHayes/4mod/projects/take_home_challenge/config/boot.rb": {
        "lines": [
          1,
          null,
          1,
          1
        ]
      },
      "/Users/BrianHayes/4mod/projects/take_home_challenge/config/environments/test.rb": {
        "lines": [
          1,
          null,
          null,
          null,
          null,
          null,
          null,
          1,
          null,
          null,
          null,
          null,
          1,
          null,
          null,
          1,
          1,
          null,
          null,
          null,
          null,
          1,
          1,
          null,
          null,
          1,
          null,
          null,
          1,
          null,
          null,
          1,
          null,
          1,
          null,
          null,
          null,
          null,
          1,
          null,
          null,
          1,
          null,
          null,
          null,
          null
        ]
      },
      "/Users/BrianHayes/4mod/projects/take_home_challenge/config/initializers/application_controller_renderer.rb": {
        "lines": [
          null,
          null,
          null,
          null,
          null,
          null,
          null,
          null
        ]
      },
      "/Users/BrianHayes/4mod/projects/take_home_challenge/config/initializers/backtrace_silencers.rb": {
        "lines": [
          null,
          null,
          null,
          null,
          null,
          null,
          null
        ]
      },
      "/Users/BrianHayes/4mod/projects/take_home_challenge/config/initializers/cors.rb": {
        "lines": [
          null,
          null,
          null,
          null,
          null,
          null,
          null,
          null,
          null,
          null,
          null,
          null,
          null,
          null,
          null,
          null
        ]
      },
      "/Users/BrianHayes/4mod/projects/take_home_challenge/config/initializers/filter_parameter_logging.rb": {
        "lines": [
          null,
          null,
          null,
          1
        ]
      },
      "/Users/BrianHayes/4mod/projects/take_home_challenge/config/initializers/inflections.rb": {
        "lines": [
          null,
          null,
          null,
          null,
          null,
          null,
          null,
          null,
          null,
          null,
          null,
          null,
          null,
          null,
          null,
          null
        ]
      },
      "/Users/BrianHayes/4mod/projects/take_home_challenge/config/initializers/mime_types.rb": {
        "lines": [
          null,
          null,
          null,
          null
        ]
      },
      "/Users/BrianHayes/4mod/projects/take_home_challenge/config/initializers/wrap_parameters.rb": {
        "lines": [
          null,
          null,
          null,
          null,
          null,
          null,
          1,
          2,
          null,
          null,
          null,
          null,
          null,
          null
        ]
      },
      "/Users/BrianHayes/4mod/projects/take_home_challenge/spec/factories/customers.rb": {
        "lines": [
          1,
          1,
          6,
          6,
          6,
          null,
          null
        ]
      },
      "/Users/BrianHayes/4mod/projects/take_home_challenge/spec/factories/subscriptions.rb": {
        "lines": [
          1,
          1,
          1,
          11,
          1,
          1,
          null,
          null
        ]
      },
      "/Users/BrianHayes/4mod/projects/take_home_challenge/spec/factories/tea.rb": {
        "lines": [
          1,
          1,
          6,
          6,
          null,
          null
        ]
      },
      "/Users/BrianHayes/4mod/projects/take_home_challenge/config/routes.rb": {
        "lines": [
          1,
          null,
          1,
          1,
          1,
          1,
          null,
          null,
          1,
          null,
          null,
          null
        ]
      },
      "/Users/BrianHayes/4mod/projects/take_home_challenge/spec/support/factory_bot.rb": {
        "lines": [
          1,
          1,
          null
        ]
      },
      "/Users/BrianHayes/4mod/projects/take_home_challenge/app/models/customer.rb": {
        "lines": [
          1,
          1,
          1,
          null
        ]
      },
      "/Users/BrianHayes/4mod/projects/take_home_challenge/app/models/application_record.rb": {
        "lines": [
          1,
          1,
          null
        ]
      },
      "/Users/BrianHayes/4mod/projects/take_home_challenge/spec/models/subscription_spec.rb": {
        "lines": [
          1,
          null,
          1,
          1,
          2,
          2,
          null,
          null,
          1,
          2,
          2,
          2,
          null,
          null
        ]
      },
      "/Users/BrianHayes/4mod/projects/take_home_challenge/app/models/subscription.rb": {
        "lines": [
          1,
          1,
          1,
          1,
          null
        ]
      },
      "/Users/BrianHayes/4mod/projects/take_home_challenge/spec/models/tea_spec.rb": {
        "lines": [
          1,
          null,
          1,
          1,
          2,
          null,
          null,
          1,
          2,
          2,
          null,
          null
        ]
      },
      "/Users/BrianHayes/4mod/projects/take_home_challenge/app/models/tea.rb": {
        "lines": [
          1,
          1,
          1,
          null
        ]
      },
      "/Users/BrianHayes/4mod/projects/take_home_challenge/spec/requests/v1/return_subscriptions_request_spec.rb": {
        "lines": [
          1,
          null,
          1,
          1,
          2,
          2,
          2,
          2,
          null,
          null,
          1,
          1,
          null,
          1,
          null,
          1,
          null,
          1,
          1,
          null,
          null,
          1,
          1,
          null,
          1,
          null,
          1,
          null,
          1,
          null,
          null
        ]
      },
      "/Users/BrianHayes/4mod/projects/take_home_challenge/spec/requests/v1/update_subscription_status_spec.rb": {
        "lines": [
          1,
          null,
          1,
          1,
          3,
          3,
          3,
          3,
          null,
          null,
          1,
          1,
          1,
          1,
          null,
          1,
          null,
          1,
          null,
          1,
          null,
          null,
          1,
          1,
          1,
          1,
          null,
          1,
          null,
          1,
          null,
          1,
          null,
          null,
          1,
          1,
          1,
          null,
          1,
          null,
          1,
          null,
          1,
          null,
          null
        ]
      },
      "/Users/BrianHayes/4mod/projects/take_home_challenge/app/controllers/api/v1/subscriptions_controller.rb": {
        "lines": [
          1,
          1,
          2,
          1,
          null,
          null,
          1,
          3,
          2,
          2,
          null,
          null,
          1,
          0,
          0,
          0,
          null,
          1,
          1,
          2,
          null,
          null
        ]
      },
      "/Users/BrianHayes/4mod/projects/take_home_challenge/app/controllers/application_controller.rb": {
        "lines": [
          1,
          1,
          1,
          1,
          null,
          1,
          0,
          null,
          null,
          1,
          2,
          null,
          null
        ]
      },
      "/Users/BrianHayes/4mod/projects/take_home_challenge/app/serializers/subscription_serializer.rb": {
        "lines": [
          1,
          1,
          1,
          null
        ]
      }
    },
    "timestamp": 1686550172
  }
}
